<?xml version="1.0" encoding="UTF-8"?>
<!-- Generated by org.testng.reporters.JUnitReportReporter -->
<testsuite hostname="KALIA" failures="0" tests="1" name="testCases.TC002_LoginTest" time="1.451" errors="0" timestamp="2024-11-17T18:14:15 IST" skipped="0">
  <testcase classname="testCases.TC002_LoginTest" name="verify_login" time="1.451"/>
  <system-out/>
</testsuite> <!-- testCases.TC002_LoginTest -->
