<?xml version="1.0" encoding="UTF-8"?>
<!-- Generated by org.testng.reporters.JUnitReportReporter -->
<testsuite hostname="KALIA" failures="0" tests="1" name="testCases.TC_001_AccountRegistration_Test" time="2.019" errors="0" timestamp="2024-11-26T18:03:53 IST" skipped="0">
  <testcase classname="testCases.TC_001_AccountRegistration_Test" name="verify_account_registration" time="2.019"/>
  <system-out/>
</testsuite> <!-- testCases.TC_001_AccountRegistration_Test -->
