<?xml version="1.0" encoding="UTF-8"?>
<!-- Generated by org.testng.reporters.JUnitReportReporter -->
<testsuite hostname="KALIA" failures="0" tests="2" name="testCases.TC_AccountRegistration_Test" time="5.710" errors="0" timestamp="2024-11-13T22:06:30 IST" skipped="0">
  <testcase classname="testCases.TC_AccountRegistration_Test" name="verify_account_registration" time="2.807"/>
  <system-out/>
  <testcase classname="testCases.TC_AccountRegistration_Test" name="verify_account_registration" time="2.903"/>
  <system-out/>
</testsuite> <!-- testCases.TC_AccountRegistration_Test -->
